1532391123488:help
1532391149231:add 1 2
1532391155139:add 1 5
1532391164090:exit
1532398037629:help
1532398061118:add-person a
1532398097244:add-person
1532398112661:add-person A
1532398142285:add-relation
1532398164149:add-relation a b
1532398172946:exit
1532398466928:help add-person
1532402433851:exit
1532402479726:help
1532402492361:add-person a
1532402497298:add-person b
1532402506098:add-relation a b
1532402516912:find-celebrity
1532402534885:find-celebrity-by-relations b
1532402551310:add-person c
1532402590728:find-celebrity-by-relations b
1532402596410:find-celebrity
1532403426247:exit
1532403449663:help
1532403456667:add-person a
1532403459475:add-person b
1532403462046:add-person c
1532403467477:find-celebrity
1532403479688:add-relation a b
1532403484918:find-celebrity
1532403509090:exit
